00:33:44 **** Incremental Build of configuration Debug for project buzzertrial ****
make all 
Building file: ../buzzer.c
Invoking: AVR Compiler
avr-gcc -Wall -g2 -gstabs -O0 -fpack-struct -fshort-enums -ffunction-sections -fdata-sections -std=gnu99 -funsigned-char -funsigned-bitfields -mmcu=atmega16 -DF_CPU=1000000UL -MMD -MP -MF"buzzer.d" -MT"buzzer.o" -c -o "buzzer.o" "../buzzer.c"
Finished building: ../buzzer.c
 
Building target: buzzertrial.elf
Invoking: AVR C Linker
avr-gcc -Wl,-Map,buzzertrial.map -mmcu=atmega16 -o "buzzertrial.elf"  ./buzzer.o ./gpio.o ./main.o   
Finished building target: buzzertrial.elf
 
Invoking: AVR Create Extended Listing
avr-objdump -h -S buzzertrial.elf  >"buzzertrial.lss"
Finished building: buzzertrial.lss
 
Invoking: Print Size
avr-size --format=avr --mcu=atmega16 buzzertrial.elf
AVR Memory Usage
----------------
Device: atmega16

Program:    5224 bytes (31.9% Full)
(.text + .data + .bootloader)

Data:          8 bytes (0.8% Full)
(.data + .bss + .noinit)


Finished building: sizedummy
 

00:33:45 Build Finished. 0 errors, 0 warnings. (took 895ms)

