22:15:53 **** Incremental Build of configuration Debug for project MC1 ****
make all 
Building file: ../main.c
Invoking: AVR Compiler
avr-gcc -Wall -g2 -gstabs -O0 -fpack-struct -fshort-enums -ffunction-sections -fdata-sections -std=gnu99 -funsigned-char -funsigned-bitfields -mmcu=atmega16 -DF_CPU=8000000UL -MMD -MP -MF"main.d" -MT"main.o" -c -o "main.o" "../main.c"
In file included from ../main.h:19,
                 from ../main.c:12:
d:/winavr/lib/gcc/../../avr/include/util/delay.h:90:3: warning: #warning "Compiler optimizations disabled; functions from <util/delay.h> won't work as designed"
Finished building: ../main.c
 
Building target: MC1.elf
Invoking: AVR C Linker
avr-gcc -Wl,-Map,MC1.map -mmcu=atmega16 -o "MC1.elf"  ./gpio.o ./keypad.o ./lcd.o ./main.o ./timer.o ./uart.o   
Finished building target: MC1.elf
 
Invoking: AVR Create Extended Listing
avr-objdump -h -S MC1.elf  >"MC1.lss"
Finished building: MC1.lss
 
Invoking: Print Size
avr-size --format=avr --mcu=atmega16 MC1.elf
AVR Memory Usage
----------------
Device: atmega16

Program:   14512 bytes (88.6% Full)
(.text + .data + .bootloader)

Data:        191 bytes (18.7% Full)
(.data + .bss + .noinit)


Finished building: sizedummy
 

22:15:54 Build Finished. 0 errors, 1 warnings. (took 1s.55ms)

